D:\SwirvSwagYolo\src\Debug\ssyLib.pdb
D:\SwirvSwagYolo\src\SSYLib\Debug\cl.command.1.tlog
D:\SwirvSwagYolo\src\SSYLib\Debug\CL.read.1.tlog
D:\SwirvSwagYolo\src\SSYLib\Debug\CL.write.1.tlog
D:\SWIRVSWAGYOLO\SRC\SSYLIB\DEBUG\DBG_ASSERT.OBJ
D:\SwirvSwagYolo\src\SSYLib\Debug\link.command.1.tlog
D:\SwirvSwagYolo\src\SSYLib\Debug\link.read.1.tlog
D:\SwirvSwagYolo\src\SSYLib\Debug\link.write.1.tlog
D:\SWIRVSWAGYOLO\SRC\SSYLIB\DEBUG\SSYASSETEVENT.OBJ
D:\SWIRVSWAGYOLO\SRC\SSYLIB\DEBUG\SSYBASEEVENT.OBJ
D:\SWIRVSWAGYOLO\SRC\SSYLIB\DEBUG\SSYCOMPONENT.OBJ
D:\SWIRVSWAGYOLO\SRC\SSYLIB\DEBUG\SSYCONTROLLERCOMPONENT.OBJ
D:\SWIRVSWAGYOLO\SRC\SSYLIB\DEBUG\SSYDEFAULTEVENT.OBJ
D:\SWIRVSWAGYOLO\SRC\SSYLIB\DEBUG\SSYGO.OBJ
D:\SWIRVSWAGYOLO\SRC\SSYLIB\DEBUG\SSYGOCOMPONENT.OBJ
D:\SWIRVSWAGYOLO\SRC\SSYLIB\DEBUG\SSYGOMANAGER.OBJ
D:\SWIRVSWAGYOLO\SRC\SSYLIB\DEBUG\SSYGRAPHICSCOMPONENT.OBJ
D:\SWIRVSWAGYOLO\SRC\SSYLIB\DEBUG\SSYGRAPHICSMANAGER.OBJ
D:\SWIRVSWAGYOLO\SRC\SSYLIB\DEBUG\SSYGRAPHICSWORLDEVENT.OBJ
D:\SwirvSwagYolo\src\SSYLib\Debug\ssyLib.dll.intermediate.manifest
D:\SwirvSwagYolo\src\SSYLib\Debug\ssyLib.vcxprojResolveAssemblyReference.cache
D:\SwirvSwagYolo\src\SSYLib\Debug\ssyLib.write.1.tlog
D:\SwirvSwagYolo\src\SSYLib\Debug\vc100.idb
D:\SWIRVSWAGYOLO\SRC\SSYLIB\DEBUG\VC100.PDB
D:\SWURVSWAGYOLO\SRC\SSYLIB\DEBUG\DBG_ASSERT.OBJ
D:\SWURVSWAGYOLO\SRC\SSYLIB\DEBUG\SSYASSETEVENT.OBJ
D:\SWURVSWAGYOLO\SRC\SSYLIB\DEBUG\SSYBASEEVENT.OBJ
D:\SWURVSWAGYOLO\SRC\SSYLIB\DEBUG\SSYCOMPONENT.OBJ
D:\SWURVSWAGYOLO\SRC\SSYLIB\DEBUG\SSYCONTROLLERCOMPONENT.OBJ
D:\SWURVSWAGYOLO\SRC\SSYLIB\DEBUG\SSYDEFAULTEVENT.OBJ
D:\SWURVSWAGYOLO\SRC\SSYLIB\DEBUG\SSYGO.OBJ
D:\SWURVSWAGYOLO\SRC\SSYLIB\DEBUG\SSYGOCOMPONENT.OBJ
D:\SWURVSWAGYOLO\SRC\SSYLIB\DEBUG\SSYGOMANAGER.OBJ
D:\SWURVSWAGYOLO\SRC\SSYLIB\DEBUG\SSYGRAPHICSCOMPONENT.OBJ
D:\SWURVSWAGYOLO\SRC\SSYLIB\DEBUG\SSYGRAPHICSMANAGER.OBJ
D:\SWURVSWAGYOLO\SRC\SSYLIB\DEBUG\SSYGRAPHICSWORLDEVENT.OBJ
D:\SWURVSWAGYOLO\SRC\SSYLIB\DEBUG\VC100.PDB
