D:\SwirvSwagYolo\trunk\src\SSYLib\Debug\CL.1828.read.1.tlog
D:\SwirvSwagYolo\trunk\src\SSYLib\Debug\CL.1828.write.1.tlog
D:\SwirvSwagYolo\trunk\src\SSYLib\Debug\CL.3528.read.1.tlog
D:\SwirvSwagYolo\trunk\src\SSYLib\Debug\CL.3528.write.1.tlog
D:\SwirvSwagYolo\trunk\src\SSYLib\Debug\CL.4100.read.1.tlog
D:\SwirvSwagYolo\trunk\src\SSYLib\Debug\CL.4100.write.1.tlog
D:\SwirvSwagYolo\trunk\src\SSYLib\Debug\CL.5740.read.1.tlog
D:\SwirvSwagYolo\trunk\src\SSYLib\Debug\CL.5740.write.1.tlog
D:\SwirvSwagYolo\trunk\src\SSYLib\Debug\CL.6340.read.1.tlog
D:\SwirvSwagYolo\trunk\src\SSYLib\Debug\CL.6340.write.1.tlog
D:\SwirvSwagYolo\trunk\src\SSYLib\Debug\CL.6464.read.1.tlog
D:\SwirvSwagYolo\trunk\src\SSYLib\Debug\CL.6464.write.1.tlog
D:\SwirvSwagYolo\trunk\src\SSYLib\Debug\CL.6652.read.1.tlog
D:\SwirvSwagYolo\trunk\src\SSYLib\Debug\CL.6652.write.1.tlog
D:\SwirvSwagYolo\trunk\src\SSYLib\Debug\CL.7088.read.1.tlog
D:\SwirvSwagYolo\trunk\src\SSYLib\Debug\CL.7088.write.1.tlog
D:\SwirvSwagYolo\trunk\src\SSYLib\Debug\cl.command.1.tlog
D:\SwirvSwagYolo\trunk\src\SSYLib\Debug\CL.read.1.tlog
D:\SwirvSwagYolo\trunk\src\SSYLib\Debug\CL.write.1.tlog
D:\SWIRVSWAGYOLO\TRUNK\SRC\SSYLIB\DEBUG\DBG_ASSERT.OBJ
D:\SWIRVSWAGYOLO\TRUNK\SRC\SSYLIB\DEBUG\SSYASSETEVENT.OBJ
D:\SWIRVSWAGYOLO\TRUNK\SRC\SSYLIB\DEBUG\SSYBASEEVENT.OBJ
D:\SWIRVSWAGYOLO\TRUNK\SRC\SSYLIB\DEBUG\SSYCOMPONENT.OBJ
D:\SWIRVSWAGYOLO\TRUNK\SRC\SSYLIB\DEBUG\SSYCONTROLLERCOMPONENT.OBJ
D:\SWIRVSWAGYOLO\TRUNK\SRC\SSYLIB\DEBUG\SSYDEFAULTEVENT.OBJ
D:\SWIRVSWAGYOLO\TRUNK\SRC\SSYLIB\DEBUG\SSYGO.OBJ
D:\SWIRVSWAGYOLO\TRUNK\SRC\SSYLIB\DEBUG\SSYGOCOMPONENT.OBJ
D:\SWIRVSWAGYOLO\TRUNK\SRC\SSYLIB\DEBUG\SSYGOMANAGER.OBJ
D:\SWIRVSWAGYOLO\TRUNK\SRC\SSYLIB\DEBUG\SSYGRAPHICSCOMPONENT.OBJ
D:\SWIRVSWAGYOLO\TRUNK\SRC\SSYLIB\DEBUG\SSYGRAPHICSWORLDEVENT.OBJ
D:\SwirvSwagYolo\trunk\src\SSYLib\Debug\SSYLib.write.1.tlog
D:\SwirvSwagYolo\trunk\src\SSYLib\Debug\vc100.idb
D:\SwirvSwagYolo\trunk\src\SSYLib\Debug\vc100.pdb
