Build started 7/11/2013 12:17:17 AM.
     1>Project "D:\SwirvSwagYolo\trunk\src\SSYLib\SSYLib.vcxproj" on node 2 (build target(s)).
     1>InitializeBuildStatus:
         Touching "Debug\SSYLib.unsuccessfulbuild".
       ClCompile:
         d:\Program Files (x86)\Microsoft Visual Studio 10.0\VC\bin\CL.exe /c /ID:\SwirvSwagYolo\trunk\src\SSYLib\3rdParty\OpenGL\Cg\include /ID:\SwirvSwagYolo\trunk\src\SSYLib\libs /I"D:\SwirvSwagYolo\trunk\src\SSYLib\3rdParty\OpenGL\glut-3.7.6-bin" /I"D:\SwirvSwagYolo\trunk\src\SSYLib\3rdParty\OpenGL\glew-1.9.0\include" /I"D:\SwirvSwagYolo\trunk\src\SSYLib\3rdParty\OpenGL\glfw-2.7.6\include" /Zi /nologo /W3 /WX- /MP /Od /Oy- /D _WINDLL /D WIN32 /D _WINDOWS /D _DEBUG /D RENDER_OPENGL /D _MBCS /Gm- /EHsc /RTC1 /MDd /GS /fp:precise /Zc:wchar_t /Zc:forScope /Fo"Debug\\" /Fd"Debug\vc100.pdb" /Gd /TP /analyze- /errorReport:prompt Managers\SSYGraphicsManager.cpp
         SSYGraphicsManager.cpp
       Lib:
         d:\Program Files (x86)\Microsoft Visual Studio 10.0\VC\bin\Lib.exe /OUT:"D:\SwirvSwagYolo\trunk\src\SSYLib\libs\SSYLib.lib" /LIBPATH:D:\SwirvSwagYolo\trunk\src\SSYLib\libs /NOLOGO Debug\SSYControllerComponent.obj
         Debug\SSYGOComponent.obj
         Debug\SSYGraphicsComponent.obj
         Debug\SSYComponent.obj
         Debug\SSYAssetEvent.obj
         Debug\SSYBaseEvent.obj
         Debug\SSYDefaultEvent.obj
         Debug\SSYGraphicsWorldEvent.obj
         Debug\SSYGO.obj
         Debug\SSYGOManager.obj
         Debug\SSYGraphicsManager.obj
         Debug\dbg_assert.obj
         SSYLib.vcxproj -> D:\SwirvSwagYolo\trunk\src\SSYLib\libs\SSYLib.lib
       FinalizeBuildStatus:
         Deleting file "Debug\SSYLib.unsuccessfulbuild".
         Touching "Debug\SSYLib.lastbuildstate".
     1>Done Building Project "D:\SwirvSwagYolo\trunk\src\SSYLib\SSYLib.vcxproj" (build target(s)).

Build succeeded.

Time Elapsed 00:00:00.44
