Build started 6/24/2013 10:58:34 PM.
     1>Project "D:\SwurvSwagYolo\src\SSYLib\ssyLib.vcxproj" on node 3 (build target(s)).
     1>InitializeBuildStatus:
         Creating "Release\ssyLib.unsuccessfulbuild" because "AlwaysCreate" was specified.
       ClCompile:
         d:\Program Files (x86)\Microsoft Visual Studio 10.0\VC\bin\CL.exe /c /Zi /nologo /W3 /WX- /O2 /Oi /Oy- /GL /D _MBCS /Gm- /EHsc /MD /GS /Gy /fp:precise /Zc:wchar_t /Zc:forScope /Fo"Release\\" /Fd"Release\vc100.pdb" /Gd /TP /analyze- /errorReport:prompt Components\Controller\SSYControllerComponent.cpp Components\Objects\SSYGOComponent.cpp Components\Objects\SSYGraphicsComponent.cpp Components\SSYComponent.cpp Events\Types\SSYAssetEvent.cpp Events\Types\SSYBaseEvent.cpp Events\Types\SSYDefaultEvent.cpp Events\Types\World\Graphics\SSYGraphicsWorldEvent.cpp GO\SSYGO.cpp Managers\SSYGOManager.cpp Managers\SSYGraphicsManager.cpp Sys\dbg_assert.cpp
         SSYControllerComponent.cpp
         SSYGOComponent.cpp
         SSYGraphicsComponent.cpp
         SSYComponent.cpp
         SSYAssetEvent.cpp
         SSYBaseEvent.cpp
         SSYDefaultEvent.cpp
         SSYGraphicsWorldEvent.cpp
         SSYGO.cpp
         SSYGOManager.cpp
         SSYGraphicsManager.cpp
     1>d:\swurvswagyolo\src\ssylib\managers\SSYGraphicsManager.h(25): error C2059: syntax error : '<'
     1>d:\swurvswagyolo\src\ssylib\managers\SSYGraphicsManager.h(25): error C2238: unexpected token(s) preceding ';'
     1>D:\SwurvSwagYolo\src\SSYLib\3rdParty\OpenGL\glew\include\GL/glew.h(84): fatal error C1189: #error :  gl.h included before glew.h
         dbg_assert.cpp
     1>Done Building Project "D:\SwurvSwagYolo\src\SSYLib\ssyLib.vcxproj" (build target(s)) -- FAILED.

Build FAILED.

Time Elapsed 00:00:00.91
